<?xml version="1.0" encoding="UTF-8"?>
<testsuite xmlns:xsi="http://www.w3.org/2001/XMLSchema-instance" xsi:noNamespaceSchemaLocation="https://maven.apache.org/surefire/maven-surefire-plugin/xsd/surefire-test-report.xsd" name="com.mycompany.AppTest" time="0.074" tests="1" errors="0" skipped="0" failures="0">
  <properties>
    <property name="java.specification.version" value="15"/>
    <property name="exec:mainClass" value="JPAExample"/>
    <property name="sun.jnu.encoding" value="UTF-8"/>
    <property name="java.class.path" value="/Users/jeffvisosky/Desktop/assignment-7/entity-demo/target/test-classes:/Users/jeffvisosky/Desktop/assignment-7/entity-demo/target/classes:/Users/jeffvisosky/.m2/repository/junit/junit/4.11/junit-4.11.jar:/Users/jeffvisosky/.m2/repository/org/hamcrest/hamcrest-core/1.3/hamcrest-core-1.3.jar:/Users/jeffvisosky/.m2/repository/com/h2database/h2/1.4.193/h2-1.4.193.jar:/Users/jeffvisosky/.m2/repository/org/hibernate/hibernate-entitymanager/4.2.10.Final/hibernate-entitymanager-4.2.10.Final.jar:/Users/jeffvisosky/.m2/repository/org/jboss/logging/jboss-logging/3.1.0.GA/jboss-logging-3.1.0.GA.jar:/Users/jeffvisosky/.m2/repository/dom4j/dom4j/1.6.1/dom4j-1.6.1.jar:/Users/jeffvisosky/.m2/repository/org/javassist/javassist/3.18.1-GA/javassist-3.18.1-GA.jar:/Users/jeffvisosky/.m2/repository/org/jboss/spec/javax/transaction/jboss-transaction-api_1.1_spec/1.0.1.Final/jboss-transaction-api_1.1_spec-1.0.1.Final.jar:/Users/jeffvisosky/.m2/repository/org/hibernate/javax/persistence/hibernate-jpa-2.0-api/1.0.1.Final/hibernate-jpa-2.0-api-1.0.1.Final.jar:/Users/jeffvisosky/.m2/repository/org/hibernate/common/hibernate-commons-annotations/4.0.2.Final/hibernate-commons-annotations-4.0.2.Final.jar:/Users/jeffvisosky/.m2/repository/org/hibernate/hibernate-core/4.2.10.Final/hibernate-core-4.2.10.Final.jar:/Users/jeffvisosky/.m2/repository/antlr/antlr/2.7.7/antlr-2.7.7.jar:/Users/jeffvisosky/.m2/repository/javax/javaee-api/8.0/javaee-api-8.0.jar:/Users/jeffvisosky/.m2/repository/com/sun/mail/javax.mail/1.6.0/javax.mail-1.6.0.jar:/Users/jeffvisosky/.m2/repository/javax/activation/activation/1.1/activation-1.1.jar:"/>
    <property name="java.vm.vendor" value="Oracle Corporation"/>
    <property name="sun.arch.data.model" value="64"/>
    <property name="java.vendor.url" value="https://java.oracle.com/"/>
    <property name="os.name" value="Mac OS X"/>
    <property name="java.vm.specification.version" value="15"/>
    <property name="sun.java.launcher" value="SUN_STANDARD"/>
    <property name="user.country" value="US"/>
    <property name="sun.boot.library.path" value="/Library/Java/JavaVirtualMachines/jdk-15.0.2.jdk/Contents/Home/lib"/>
    <property name="sun.java.command" value="/Users/jeffvisosky/Desktop/assignment-7/entity-demo/target/surefire/surefirebooter1605716328458121059.jar /Users/jeffvisosky/Desktop/assignment-7/entity-demo/target/surefire 2021-03-15T15-45-37_105-jvmRun1 surefire14531078575914071671tmp surefire_04520725207648589833tmp"/>
    <property name="http.nonProxyHosts" value="local|*.local|169.254/16|*.169.254/16"/>
    <property name="jdk.debug" value="release"/>
    <property name="surefire.test.class.path" value="/Users/jeffvisosky/Desktop/assignment-7/entity-demo/target/test-classes:/Users/jeffvisosky/Desktop/assignment-7/entity-demo/target/classes:/Users/jeffvisosky/.m2/repository/junit/junit/4.11/junit-4.11.jar:/Users/jeffvisosky/.m2/repository/org/hamcrest/hamcrest-core/1.3/hamcrest-core-1.3.jar:/Users/jeffvisosky/.m2/repository/com/h2database/h2/1.4.193/h2-1.4.193.jar:/Users/jeffvisosky/.m2/repository/org/hibernate/hibernate-entitymanager/4.2.10.Final/hibernate-entitymanager-4.2.10.Final.jar:/Users/jeffvisosky/.m2/repository/org/jboss/logging/jboss-logging/3.1.0.GA/jboss-logging-3.1.0.GA.jar:/Users/jeffvisosky/.m2/repository/dom4j/dom4j/1.6.1/dom4j-1.6.1.jar:/Users/jeffvisosky/.m2/repository/org/javassist/javassist/3.18.1-GA/javassist-3.18.1-GA.jar:/Users/jeffvisosky/.m2/repository/org/jboss/spec/javax/transaction/jboss-transaction-api_1.1_spec/1.0.1.Final/jboss-transaction-api_1.1_spec-1.0.1.Final.jar:/Users/jeffvisosky/.m2/repository/org/hibernate/javax/persistence/hibernate-jpa-2.0-api/1.0.1.Final/hibernate-jpa-2.0-api-1.0.1.Final.jar:/Users/jeffvisosky/.m2/repository/org/hibernate/common/hibernate-commons-annotations/4.0.2.Final/hibernate-commons-annotations-4.0.2.Final.jar:/Users/jeffvisosky/.m2/repository/org/hibernate/hibernate-core/4.2.10.Final/hibernate-core-4.2.10.Final.jar:/Users/jeffvisosky/.m2/repository/antlr/antlr/2.7.7/antlr-2.7.7.jar:/Users/jeffvisosky/.m2/repository/javax/javaee-api/8.0/javaee-api-8.0.jar:/Users/jeffvisosky/.m2/repository/com/sun/mail/javax.mail/1.6.0/javax.mail-1.6.0.jar:/Users/jeffvisosky/.m2/repository/javax/activation/activation/1.1/activation-1.1.jar:"/>
    <property name="sun.cpu.endian" value="little"/>
    <property name="user.home" value="/Users/jeffvisosky"/>
    <property name="user.language" value="en"/>
    <property name="java.specification.vendor" value="Oracle Corporation"/>
    <property name="java.version.date" value="2021-01-19"/>
    <property name="java.home" value="/Library/Java/JavaVirtualMachines/jdk-15.0.2.jdk/Contents/Home"/>
    <property name="file.separator" value="/"/>
    <property name="basedir" value="/Users/jeffvisosky/Desktop/assignment-7/entity-demo"/>
    <property name="java.vm.compressedOopsMode" value="Zero based"/>
    <property name="line.separator" value="&#10;"/>
    <property name="java.specification.name" value="Java Platform API Specification"/>
    <property name="java.vm.specification.vendor" value="Oracle Corporation"/>
    <property name="surefire.real.class.path" value="/Users/jeffvisosky/Desktop/assignment-7/entity-demo/target/surefire/surefirebooter1605716328458121059.jar"/>
    <property name="sun.management.compiler" value="HotSpot 64-Bit Tiered Compilers"/>
    <property name="ftp.nonProxyHosts" value="local|*.local|169.254/16|*.169.254/16"/>
    <property name="java.runtime.version" value="15.0.2+7-27"/>
    <property name="user.name" value="jeffvisosky"/>
    <property name="path.separator" value=":"/>
    <property name="os.version" value="10.14.2"/>
    <property name="java.runtime.name" value="Java(TM) SE Runtime Environment"/>
    <property name="file.encoding" value="UTF-8"/>
    <property name="java.vm.name" value="Java HotSpot(TM) 64-Bit Server VM"/>
    <property name="localRepository" value="/Users/jeffvisosky/.m2/repository"/>
    <property name="java.vendor.url.bug" value="https://bugreport.java.com/bugreport/"/>
    <property name="java.io.tmpdir" value="/var/folders/yq/qtywskp967x3pf8s17bxj5l40000gn/T/"/>
    <property name="java.version" value="15.0.2"/>
    <property name="user.dir" value="/Users/jeffvisosky/Desktop/assignment-7/entity-demo"/>
    <property name="os.arch" value="x86_64"/>
    <property name="java.vm.specification.name" value="Java Virtual Machine Specification"/>
    <property name="java.library.path" value="/Users/jeffvisosky/Library/Java/Extensions:/Library/Java/Extensions:/Network/Library/Java/Extensions:/System/Library/Java/Extensions:/usr/lib/java:."/>
    <property name="java.vm.info" value="mixed mode, sharing"/>
    <property name="java.vendor" value="Oracle Corporation"/>
    <property name="java.vm.version" value="15.0.2+7-27"/>
    <property name="sun.io.unicode.encoding" value="UnicodeBig"/>
    <property name="socksNonProxyHosts" value="local|*.local|169.254/16|*.169.254/16"/>
    <property name="java.class.version" value="59.0"/>
  </properties>
  <testcase name="shouldAnswerWithTrue" classname="com.mycompany.AppTest" time="0.003"/>
</testsuite>